Analysis & Synthesis report for lift_controller
Wed Dec 04 16:46:52 2024
Quartus II Version 8.1 Build 163 10/28/2008 SJ Web Edition


---------------------
; Table of Contents ;
---------------------
  1. Legal Notice
  2. Analysis & Synthesis Summary
  3. Analysis & Synthesis Settings
  4. Analysis & Synthesis Source Files Read
  5. Analysis & Synthesis Resource Usage Summary
  6. Analysis & Synthesis Resource Utilization by Entity
  7. Registers Removed During Synthesis
  8. General Register Statistics
  9. Source assignments for lpm_add_sub:Add3|addcore:adder
 10. Source assignments for lpm_add_sub:Add2|addcore:adder
 11. Source assignments for lpm_add_sub:Add1|addcore:adder
 12. Source assignments for lpm_add_sub:Add0|addcore:adder
 13. Parameter Settings for User Entity Instance: Top-level Entity: |lift_controller
 14. Parameter Settings for Inferred Entity Instance: lpm_add_sub:Add3
 15. Parameter Settings for Inferred Entity Instance: lpm_add_sub:Add2
 16. Parameter Settings for Inferred Entity Instance: lpm_add_sub:Add1
 17. Parameter Settings for Inferred Entity Instance: lpm_add_sub:Add0
 18. Analysis & Synthesis Messages
 19. Analysis & Synthesis Suppressed Messages



----------------
; Legal Notice ;
----------------
Copyright (C) 1991-2008 Altera Corporation
Your use of Altera Corporation's design tools, logic functions 
and other software and tools, and its AMPP partner logic 
functions, and any output files from any of the foregoing 
(including device programming or simulation files), and any 
associated documentation or information are expressly subject 
to the terms and conditions of the Altera Program License 
Subscription Agreement, Altera MegaCore Function License 
Agreement, or other applicable license agreement, including, 
without limitation, that your use is for the sole purpose of 
programming logic devices manufactured by Altera and sold by 
Altera or its authorized distributors.  Please refer to the 
applicable agreement for further details.



+-----------------------------------------------------------------------+
; Analysis & Synthesis Summary                                          ;
+-----------------------------+-----------------------------------------+
; Analysis & Synthesis Status ; Successful - Wed Dec 04 16:46:52 2024   ;
; Quartus II Version          ; 8.1 Build 163 10/28/2008 SJ Web Edition ;
; Revision Name               ; lift_controller                         ;
; Top-level Entity Name       ; lift_controller                         ;
; Family                      ; FLEX10K                                 ;
; Total logic elements        ; 48                                      ;
; Total pins                  ; 24                                      ;
; Total memory bits           ; 0                                       ;
+-----------------------------+-----------------------------------------+


+----------------------------------------------------------------------------------------------------+
; Analysis & Synthesis Settings                                                                      ;
+----------------------------------------------------------------+-----------------+-----------------+
; Option                                                         ; Setting         ; Default Value   ;
+----------------------------------------------------------------+-----------------+-----------------+
; Device                                                         ; EPF10K10TC144-3 ;                 ;
; Top-level entity name                                          ; lift_controller ; lift_controller ;
; Family name                                                    ; FLEX10K         ; Stratix II      ;
; Type of Retiming Performed During Resynthesis                  ; Full            ;                 ;
; Resynthesis Optimization Effort                                ; Normal          ;                 ;
; Physical Synthesis Level for Resynthesis                       ; Normal          ;                 ;
; Use Generated Physical Constraints File                        ; On              ;                 ;
; Use smart compilation                                          ; Off             ; Off             ;
; Create Debugging Nodes for IP Cores                            ; Off             ; Off             ;
; Preserve fewer node names                                      ; On              ; On              ;
; Disable OpenCore Plus hardware evaluation                      ; Off             ; Off             ;
; Verilog Version                                                ; Verilog_2001    ; Verilog_2001    ;
; VHDL Version                                                   ; VHDL93          ; VHDL93          ;
; State Machine Processing                                       ; Auto            ; Auto            ;
; Safe State Machine                                             ; Off             ; Off             ;
; Extract Verilog State Machines                                 ; On              ; On              ;
; Extract VHDL State Machines                                    ; On              ; On              ;
; Ignore Verilog initial constructs                              ; Off             ; Off             ;
; Iteration limit for constant Verilog loops                     ; 5000            ; 5000            ;
; Iteration limit for non-constant Verilog loops                 ; 250             ; 250             ;
; Add Pass-Through Logic to Inferred RAMs                        ; On              ; On              ;
; Parallel Synthesis                                             ; Off             ; Off             ;
; NOT Gate Push-Back                                             ; On              ; On              ;
; Power-Up Don't Care                                            ; On              ; On              ;
; Remove Redundant Logic Cells                                   ; Off             ; Off             ;
; Remove Duplicate Registers                                     ; On              ; On              ;
; Ignore CARRY Buffers                                           ; Off             ; Off             ;
; Ignore CASCADE Buffers                                         ; Off             ; Off             ;
; Ignore GLOBAL Buffers                                          ; Off             ; Off             ;
; Ignore ROW GLOBAL Buffers                                      ; Off             ; Off             ;
; Ignore LCELL Buffers                                           ; Off             ; Off             ;
; Ignore SOFT Buffers                                            ; On              ; On              ;
; Limit AHDL Integers to 32 Bits                                 ; Off             ; Off             ;
; Auto Implement in ROM                                          ; Off             ; Off             ;
; Optimization Technique                                         ; Area            ; Area            ;
; Carry Chain Length                                             ; 32              ; 32              ;
; Cascade Chain Length                                           ; 2               ; 2               ;
; Auto Carry Chains                                              ; On              ; On              ;
; Auto Open-Drain Pins                                           ; On              ; On              ;
; Auto ROM Replacement                                           ; On              ; On              ;
; Auto RAM Replacement                                           ; On              ; On              ;
; Auto Clock Enable Replacement                                  ; On              ; On              ;
; Strict RAM Replacement                                         ; Off             ; Off             ;
; Auto Resource Sharing                                          ; Off             ; Off             ;
; Allow Any RAM Size For Recognition                             ; Off             ; Off             ;
; Allow Any ROM Size For Recognition                             ; Off             ; Off             ;
; Use LogicLock Constraints during Resource Balancing            ; On              ; On              ;
; Ignore translate_off and synthesis_off directives              ; Off             ; Off             ;
; Show Parameter Settings Tables in Synthesis Report             ; On              ; On              ;
; HDL message level                                              ; Level2          ; Level2          ;
; Suppress Register Optimization Related Messages                ; Off             ; Off             ;
; Number of Removed Registers Reported in Synthesis Report       ; 100             ; 100             ;
; Number of Inverted Registers Reported in Synthesis Report      ; 100             ; 100             ;
; Block Design Naming                                            ; Auto            ; Auto            ;
; Synthesis Effort                                               ; Auto            ; Auto            ;
; Allows Asynchronous Clear Usage For Shift Register Replacement ; On              ; On              ;
; Analysis & Synthesis Message Level                             ; Medium          ; Medium          ;
+----------------------------------------------------------------+-----------------+-----------------+


+-----------------------------------------------------------------------------------------------------------------------------------------------------------------+
; Analysis & Synthesis Source Files Read                                                                                                                          ;
+----------------------------------+-----------------+------------------------+-----------------------------------------------------------------------------------+
; File Name with User-Entered Path ; Used in Netlist ; File Type              ; File Name with Absolute Path                                                      ;
+----------------------------------+-----------------+------------------------+-----------------------------------------------------------------------------------+
; lift_controller.v                ; yes             ; User Verilog HDL File  ; C:/Documents and Settings/Administrator/Desktop/seg7alu/seg7alu/lift_controller.v ;
; lpm_add_sub.tdf                  ; yes             ; Megafunction           ; c:/altera/81/quartus/libraries/megafunctions/lpm_add_sub.tdf                      ;
; addcore.inc                      ; yes             ; Megafunction           ; c:/altera/81/quartus/libraries/megafunctions/addcore.inc                          ;
; look_add.inc                     ; yes             ; Megafunction           ; c:/altera/81/quartus/libraries/megafunctions/look_add.inc                         ;
; bypassff.inc                     ; yes             ; Megafunction           ; c:/altera/81/quartus/libraries/megafunctions/bypassff.inc                         ;
; altshift.inc                     ; yes             ; Megafunction           ; c:/altera/81/quartus/libraries/megafunctions/altshift.inc                         ;
; alt_stratix_add_sub.inc          ; yes             ; Megafunction           ; c:/altera/81/quartus/libraries/megafunctions/alt_stratix_add_sub.inc              ;
; alt_mercury_add_sub.inc          ; yes             ; Megafunction           ; c:/altera/81/quartus/libraries/megafunctions/alt_mercury_add_sub.inc              ;
; aglobal81.inc                    ; yes             ; Megafunction           ; c:/altera/81/quartus/libraries/megafunctions/aglobal81.inc                        ;
; addcore.tdf                      ; yes             ; Megafunction           ; c:/altera/81/quartus/libraries/megafunctions/addcore.tdf                          ;
; a_csnbuffer.inc                  ; yes             ; Megafunction           ; c:/altera/81/quartus/libraries/megafunctions/a_csnbuffer.inc                      ;
; a_csnbuffer.tdf                  ; yes             ; Megafunction           ; c:/altera/81/quartus/libraries/megafunctions/a_csnbuffer.tdf                      ;
; altshift.tdf                     ; yes             ; Megafunction           ; c:/altera/81/quartus/libraries/megafunctions/altshift.tdf                         ;
+----------------------------------+-----------------+------------------------+-----------------------------------------------------------------------------------+


+---------------------------------------------+
; Analysis & Synthesis Resource Usage Summary ;
+-----------------------------------+---------+
; Resource                          ; Usage   ;
+-----------------------------------+---------+
; Total logic elements              ; 48      ;
; Total combinational functions     ; 48      ;
;     -- Total 4-input functions    ; 14      ;
;     -- Total 3-input functions    ; 9       ;
;     -- Total 2-input functions    ; 23      ;
;     -- Total 1-input functions    ; 1       ;
;     -- Total 0-input functions    ; 1       ;
; Total registers                   ; 6       ;
; Total logic cells in carry chains ; 16      ;
; I/O pins                          ; 24      ;
; Maximum fan-out node              ; CF[3]   ;
; Maximum fan-out                   ; 8       ;
; Total fan-out                     ; 165     ;
; Average fan-out                   ; 2.29    ;
+-----------------------------------+---------+


+--------------------------------------------------------------------------------------------------------------------------------------------------------------------------------------------------------------------------------------------------------------------+
; Analysis & Synthesis Resource Utilization by Entity                                                                                                                                                                                                                ;
+------------------------------------+-------------+--------------+-------------+------+--------------+-------------------+------------------+-----------------+------------+-------------------------------------------------------------------------+--------------+
; Compilation Hierarchy Node         ; Logic Cells ; LC Registers ; Memory Bits ; Pins ; LUT-Only LCs ; Register-Only LCs ; LUT/Register LCs ; Carry Chain LCs ; Packed LCs ; Full Hierarchy Name                                                     ; Library Name ;
+------------------------------------+-------------+--------------+-------------+------+--------------+-------------------+------------------+-----------------+------------+-------------------------------------------------------------------------+--------------+
; |lift_controller                   ; 48 (32)     ; 6            ; 0           ; 24   ; 42 (26)      ; 0 (0)             ; 6 (6)            ; 16 (0)          ; 0 (0)      ; |lift_controller                                                        ; work         ;
;    |lpm_add_sub:Add0|              ; 4 (0)       ; 0            ; 0           ; 0    ; 4 (0)        ; 0 (0)             ; 0 (0)            ; 4 (0)           ; 0 (0)      ; |lift_controller|lpm_add_sub:Add0                                       ; work         ;
;       |addcore:adder|              ; 4 (1)       ; 0            ; 0           ; 0    ; 4 (1)        ; 0 (0)             ; 0 (0)            ; 4 (1)           ; 0 (0)      ; |lift_controller|lpm_add_sub:Add0|addcore:adder                         ; work         ;
;          |a_csnbuffer:result_node| ; 3 (3)       ; 0            ; 0           ; 0    ; 3 (3)        ; 0 (0)             ; 0 (0)            ; 3 (3)           ; 0 (0)      ; |lift_controller|lpm_add_sub:Add0|addcore:adder|a_csnbuffer:result_node ; work         ;
;    |lpm_add_sub:Add1|              ; 4 (0)       ; 0            ; 0           ; 0    ; 4 (0)        ; 0 (0)             ; 0 (0)            ; 4 (0)           ; 0 (0)      ; |lift_controller|lpm_add_sub:Add1                                       ; work         ;
;       |addcore:adder|              ; 4 (1)       ; 0            ; 0           ; 0    ; 4 (1)        ; 0 (0)             ; 0 (0)            ; 4 (1)           ; 0 (0)      ; |lift_controller|lpm_add_sub:Add1|addcore:adder                         ; work         ;
;          |a_csnbuffer:result_node| ; 3 (3)       ; 0            ; 0           ; 0    ; 3 (3)        ; 0 (0)             ; 0 (0)            ; 3 (3)           ; 0 (0)      ; |lift_controller|lpm_add_sub:Add1|addcore:adder|a_csnbuffer:result_node ; work         ;
;    |lpm_add_sub:Add2|              ; 4 (0)       ; 0            ; 0           ; 0    ; 4 (0)        ; 0 (0)             ; 0 (0)            ; 4 (0)           ; 0 (0)      ; |lift_controller|lpm_add_sub:Add2                                       ; work         ;
;       |addcore:adder|              ; 4 (1)       ; 0            ; 0           ; 0    ; 4 (1)        ; 0 (0)             ; 0 (0)            ; 4 (1)           ; 0 (0)      ; |lift_controller|lpm_add_sub:Add2|addcore:adder                         ; work         ;
;          |a_csnbuffer:result_node| ; 3 (3)       ; 0            ; 0           ; 0    ; 3 (3)        ; 0 (0)             ; 0 (0)            ; 3 (3)           ; 0 (0)      ; |lift_controller|lpm_add_sub:Add2|addcore:adder|a_csnbuffer:result_node ; work         ;
;    |lpm_add_sub:Add3|              ; 4 (0)       ; 0            ; 0           ; 0    ; 4 (0)        ; 0 (0)             ; 0 (0)            ; 4 (0)           ; 0 (0)      ; |lift_controller|lpm_add_sub:Add3                                       ; work         ;
;       |addcore:adder|              ; 4 (1)       ; 0            ; 0           ; 0    ; 4 (1)        ; 0 (0)             ; 0 (0)            ; 4 (1)           ; 0 (0)      ; |lift_controller|lpm_add_sub:Add3|addcore:adder                         ; work         ;
;          |a_csnbuffer:result_node| ; 3 (3)       ; 0            ; 0           ; 0    ; 3 (3)        ; 0 (0)             ; 0 (0)            ; 3 (3)           ; 0 (0)      ; |lift_controller|lpm_add_sub:Add3|addcore:adder|a_csnbuffer:result_node ; work         ;
+------------------------------------+-------------+--------------+-------------+------+--------------+-------------------+------------------+-----------------+------------+-------------------------------------------------------------------------+--------------+
Note: For table entries with two numbers listed, the numbers in parentheses indicate the number of resources of the given type used by the specific entity alone. The numbers listed outside of parentheses indicate the total resources of the given type used by the specific entity and all of its sub-entities in the hierarchy.


+--------------------------------------------------------------------------------+
; Registers Removed During Synthesis                                             ;
+---------------------------------------+----------------------------------------+
; Register name                         ; Reason for Removal                     ;
+---------------------------------------+----------------------------------------+
; seg_display[1]~reg0                   ; Stuck at GND due to stuck port data_in ;
; seg_display[2]~reg0                   ; Merged with seg_display[0]~reg0        ;
; seg_display[3]~reg0                   ; Merged with seg_display[0]~reg0        ;
; seg_display[6]~reg0                   ; Merged with seg_display[0]~reg0        ;
; Total Number of Removed Registers = 4 ;                                        ;
+---------------------------------------+----------------------------------------+


+------------------------------------------------------+
; General Register Statistics                          ;
+----------------------------------------------+-------+
; Statistic                                    ; Value ;
+----------------------------------------------+-------+
; Total registers                              ; 6     ;
; Number of registers using Synchronous Clear  ; 0     ;
; Number of registers using Synchronous Load   ; 0     ;
; Number of registers using Asynchronous Clear ; 6     ;
; Number of registers using Asynchronous Load  ; 0     ;
; Number of registers using Clock Enable       ; 1     ;
; Number of registers using Preset             ; 0     ;
+----------------------------------------------+-------+


+-------------------------------------------------------+
; Source assignments for lpm_add_sub:Add3|addcore:adder ;
+---------------------------+-------+------+------------+
; Assignment                ; Value ; From ; To         ;
+---------------------------+-------+------+------------+
; SUPPRESS_DA_RULE_INTERNAL ; A103  ; -    ; -          ;
+---------------------------+-------+------+------------+


+-------------------------------------------------------+
; Source assignments for lpm_add_sub:Add2|addcore:adder ;
+---------------------------+-------+------+------------+
; Assignment                ; Value ; From ; To         ;
+---------------------------+-------+------+------------+
; SUPPRESS_DA_RULE_INTERNAL ; A103  ; -    ; -          ;
+---------------------------+-------+------+------------+


+-------------------------------------------------------+
; Source assignments for lpm_add_sub:Add1|addcore:adder ;
+---------------------------+-------+------+------------+
; Assignment                ; Value ; From ; To         ;
+---------------------------+-------+------+------------+
; SUPPRESS_DA_RULE_INTERNAL ; A103  ; -    ; -          ;
+---------------------------+-------+------+------------+


+-------------------------------------------------------+
; Source assignments for lpm_add_sub:Add0|addcore:adder ;
+---------------------------+-------+------+------------+
; Assignment                ; Value ; From ; To         ;
+---------------------------+-------+------+------------+
; SUPPRESS_DA_RULE_INTERNAL ; A103  ; -    ; -          ;
+---------------------------+-------+------+------------+


+---------------------------------------------------------------------------------+
; Parameter Settings for User Entity Instance: Top-level Entity: |lift_controller ;
+----------------+---------+------------------------------------------------------+
; Parameter Name ; Value   ; Type                                                 ;
+----------------+---------+------------------------------------------------------+
; SEG_1          ; 0110000 ; Unsigned Binary                                      ;
; SEG_2          ; 1101101 ; Unsigned Binary                                      ;
; SEG_BLANK      ; 0000000 ; Unsigned Binary                                      ;
+----------------+---------+------------------------------------------------------+
Note: In order to hide this table in the UI and the text report file, please set the "Show Parameter Settings Tables in Synthesis Report" option in "Analysis and Synthesis Settings -> More Settings" to "Off".


+-------------------------------------------------------------------+
; Parameter Settings for Inferred Entity Instance: lpm_add_sub:Add3 ;
+------------------------+-------------+----------------------------+
; Parameter Name         ; Value       ; Type                       ;
+------------------------+-------------+----------------------------+
; LPM_WIDTH              ; 5           ; Untyped                    ;
; LPM_REPRESENTATION     ; UNSIGNED    ; Untyped                    ;
; LPM_DIRECTION          ; ADD         ; Untyped                    ;
; ONE_INPUT_IS_CONSTANT  ; NO          ; Untyped                    ;
; LPM_PIPELINE           ; 0           ; Untyped                    ;
; MAXIMIZE_SPEED         ; 5           ; Untyped                    ;
; REGISTERED_AT_END      ; 0           ; Untyped                    ;
; OPTIMIZE_FOR_SPEED     ; 1           ; Untyped                    ;
; USE_CS_BUFFERS         ; 1           ; Untyped                    ;
; CARRY_CHAIN            ; MANUAL      ; Untyped                    ;
; CARRY_CHAIN_LENGTH     ; 48          ; CARRY_CHAIN_LENGTH         ;
; DEVICE_FAMILY          ; FLEX10K     ; Untyped                    ;
; USE_WYS                ; OFF         ; Untyped                    ;
; STYLE                  ; FAST        ; Untyped                    ;
; CBXI_PARAMETER         ; add_sub_ojh ; Untyped                    ;
; AUTO_CARRY_CHAINS      ; ON          ; AUTO_CARRY                 ;
; IGNORE_CARRY_BUFFERS   ; OFF         ; IGNORE_CARRY               ;
; AUTO_CASCADE_CHAINS    ; ON          ; AUTO_CASCADE               ;
; IGNORE_CASCADE_BUFFERS ; OFF         ; IGNORE_CASCADE             ;
+------------------------+-------------+----------------------------+
Note: In order to hide this table in the UI and the text report file, please set the "Show Parameter Settings Tables in Synthesis Report" option in "Analysis and Synthesis Settings -> More Settings" to "Off".


+-------------------------------------------------------------------+
; Parameter Settings for Inferred Entity Instance: lpm_add_sub:Add2 ;
+------------------------+-------------+----------------------------+
; Parameter Name         ; Value       ; Type                       ;
+------------------------+-------------+----------------------------+
; LPM_WIDTH              ; 5           ; Untyped                    ;
; LPM_REPRESENTATION     ; UNSIGNED    ; Untyped                    ;
; LPM_DIRECTION          ; ADD         ; Untyped                    ;
; ONE_INPUT_IS_CONSTANT  ; NO          ; Untyped                    ;
; LPM_PIPELINE           ; 0           ; Untyped                    ;
; MAXIMIZE_SPEED         ; 5           ; Untyped                    ;
; REGISTERED_AT_END      ; 0           ; Untyped                    ;
; OPTIMIZE_FOR_SPEED     ; 1           ; Untyped                    ;
; USE_CS_BUFFERS         ; 1           ; Untyped                    ;
; CARRY_CHAIN            ; MANUAL      ; Untyped                    ;
; CARRY_CHAIN_LENGTH     ; 48          ; CARRY_CHAIN_LENGTH         ;
; DEVICE_FAMILY          ; FLEX10K     ; Untyped                    ;
; USE_WYS                ; OFF         ; Untyped                    ;
; STYLE                  ; FAST        ; Untyped                    ;
; CBXI_PARAMETER         ; add_sub_ojh ; Untyped                    ;
; AUTO_CARRY_CHAINS      ; ON          ; AUTO_CARRY                 ;
; IGNORE_CARRY_BUFFERS   ; OFF         ; IGNORE_CARRY               ;
; AUTO_CASCADE_CHAINS    ; ON          ; AUTO_CASCADE               ;
; IGNORE_CASCADE_BUFFERS ; OFF         ; IGNORE_CASCADE             ;
+------------------------+-------------+----------------------------+
Note: In order to hide this table in the UI and the text report file, please set the "Show Parameter Settings Tables in Synthesis Report" option in "Analysis and Synthesis Settings -> More Settings" to "Off".


+-------------------------------------------------------------------+
; Parameter Settings for Inferred Entity Instance: lpm_add_sub:Add1 ;
+------------------------+-------------+----------------------------+
; Parameter Name         ; Value       ; Type                       ;
+------------------------+-------------+----------------------------+
; LPM_WIDTH              ; 5           ; Untyped                    ;
; LPM_REPRESENTATION     ; UNSIGNED    ; Untyped                    ;
; LPM_DIRECTION          ; ADD         ; Untyped                    ;
; ONE_INPUT_IS_CONSTANT  ; NO          ; Untyped                    ;
; LPM_PIPELINE           ; 0           ; Untyped                    ;
; MAXIMIZE_SPEED         ; 5           ; Untyped                    ;
; REGISTERED_AT_END      ; 0           ; Untyped                    ;
; OPTIMIZE_FOR_SPEED     ; 1           ; Untyped                    ;
; USE_CS_BUFFERS         ; 1           ; Untyped                    ;
; CARRY_CHAIN            ; MANUAL      ; Untyped                    ;
; CARRY_CHAIN_LENGTH     ; 48          ; CARRY_CHAIN_LENGTH         ;
; DEVICE_FAMILY          ; FLEX10K     ; Untyped                    ;
; USE_WYS                ; OFF         ; Untyped                    ;
; STYLE                  ; FAST        ; Untyped                    ;
; CBXI_PARAMETER         ; add_sub_ojh ; Untyped                    ;
; AUTO_CARRY_CHAINS      ; ON          ; AUTO_CARRY                 ;
; IGNORE_CARRY_BUFFERS   ; OFF         ; IGNORE_CARRY               ;
; AUTO_CASCADE_CHAINS    ; ON          ; AUTO_CASCADE               ;
; IGNORE_CASCADE_BUFFERS ; OFF         ; IGNORE_CASCADE             ;
+------------------------+-------------+----------------------------+
Note: In order to hide this table in the UI and the text report file, please set the "Show Parameter Settings Tables in Synthesis Report" option in "Analysis and Synthesis Settings -> More Settings" to "Off".


+-------------------------------------------------------------------+
; Parameter Settings for Inferred Entity Instance: lpm_add_sub:Add0 ;
+------------------------+-------------+----------------------------+
; Parameter Name         ; Value       ; Type                       ;
+------------------------+-------------+----------------------------+
; LPM_WIDTH              ; 5           ; Untyped                    ;
; LPM_REPRESENTATION     ; UNSIGNED    ; Untyped                    ;
; LPM_DIRECTION          ; ADD         ; Untyped                    ;
; ONE_INPUT_IS_CONSTANT  ; NO          ; Untyped                    ;
; LPM_PIPELINE           ; 0           ; Untyped                    ;
; MAXIMIZE_SPEED         ; 5           ; Untyped                    ;
; REGISTERED_AT_END      ; 0           ; Untyped                    ;
; OPTIMIZE_FOR_SPEED     ; 1           ; Untyped                    ;
; USE_CS_BUFFERS         ; 1           ; Untyped                    ;
; CARRY_CHAIN            ; MANUAL      ; Untyped                    ;
; CARRY_CHAIN_LENGTH     ; 48          ; CARRY_CHAIN_LENGTH         ;
; DEVICE_FAMILY          ; FLEX10K     ; Untyped                    ;
; USE_WYS                ; OFF         ; Untyped                    ;
; STYLE                  ; FAST        ; Untyped                    ;
; CBXI_PARAMETER         ; add_sub_ojh ; Untyped                    ;
; AUTO_CARRY_CHAINS      ; ON          ; AUTO_CARRY                 ;
; IGNORE_CARRY_BUFFERS   ; OFF         ; IGNORE_CARRY               ;
; AUTO_CASCADE_CHAINS    ; ON          ; AUTO_CASCADE               ;
; IGNORE_CASCADE_BUFFERS ; OFF         ; IGNORE_CASCADE             ;
+------------------------+-------------+----------------------------+
Note: In order to hide this table in the UI and the text report file, please set the "Show Parameter Settings Tables in Synthesis Report" option in "Analysis and Synthesis Settings -> More Settings" to "Off".


+-------------------------------+
; Analysis & Synthesis Messages ;
+-------------------------------+
Info: *******************************************************************
Info: Running Quartus II Analysis & Synthesis
    Info: Version 8.1 Build 163 10/28/2008 SJ Web Edition
    Info: Processing started: Wed Dec 04 16:46:51 2024
Info: Command: quartus_map --read_settings_files=on --write_settings_files=off lift_controller -c lift_controller
Info: Found 1 design units, including 1 entities, in source file lift_controller.v
    Info: Found entity 1: lift_controller
Info: Elaborating entity "lift_controller" for the top level hierarchy
Warning (10036): Verilog HDL or VHDL warning at lift_controller.v(15): object "Lift_Selected" assigned a value but never read
Warning (10230): Verilog HDL assignment warning at lift_controller.v(52): truncated value with size 32 to match size of target (1)
Warning (10230): Verilog HDL assignment warning at lift_controller.v(54): truncated value with size 32 to match size of target (1)
Warning (10230): Verilog HDL assignment warning at lift_controller.v(55): truncated value with size 32 to match size of target (1)
Warning (10230): Verilog HDL assignment warning at lift_controller.v(59): truncated value with size 32 to match size of target (1)
Warning (10230): Verilog HDL assignment warning at lift_controller.v(61): truncated value with size 32 to match size of target (1)
Warning (10230): Verilog HDL assignment warning at lift_controller.v(62): truncated value with size 32 to match size of target (1)
Info: Inferred 4 megafunctions from design logic
    Info: Inferred adder/subtractor megafunction ("lpm_add_sub") from the following logic: "Add3"
    Info: Inferred adder/subtractor megafunction ("lpm_add_sub") from the following logic: "Add2"
    Info: Inferred adder/subtractor megafunction ("lpm_add_sub") from the following logic: "Add1"
    Info: Inferred adder/subtractor megafunction ("lpm_add_sub") from the following logic: "Add0"
Info: Elaborated megafunction instantiation "lpm_add_sub:Add3"
Info: Instantiated megafunction "lpm_add_sub:Add3" with the following parameter:
    Info: Parameter "LPM_WIDTH" = "5"
    Info: Parameter "LPM_DIRECTION" = "ADD"
    Info: Parameter "LPM_REPRESENTATION" = "UNSIGNED"
    Info: Parameter "ONE_INPUT_IS_CONSTANT" = "NO"
Info: Elaborated megafunction instantiation "lpm_add_sub:Add3|addcore:adder", which is child of megafunction instantiation "lpm_add_sub:Add3"
Info: Elaborated megafunction instantiation "lpm_add_sub:Add3|addcore:adder|a_csnbuffer:oflow_node", which is child of megafunction instantiation "lpm_add_sub:Add3"
Info: Elaborated megafunction instantiation "lpm_add_sub:Add3|addcore:adder|a_csnbuffer:result_node", which is child of megafunction instantiation "lpm_add_sub:Add3"
Info: Elaborated megafunction instantiation "lpm_add_sub:Add3|altshift:result_ext_latency_ffs", which is child of megafunction instantiation "lpm_add_sub:Add3"
Info: Elaborated megafunction instantiation "lpm_add_sub:Add3|altshift:carry_ext_latency_ffs", which is child of megafunction instantiation "lpm_add_sub:Add3"
Warning: The following tri-state nodes are fed by constants
    Warning: The pin "LED_COM" is fed by VCC
Warning: TRI or OPNDRN buffers permanently enabled
    Warning: Node "LED_COM~1"
Warning: Output pins are stuck at VCC or GND
    Warning (13410): Pin "seg_display[1]" is stuck at GND
Info: Implemented 72 device resources after synthesis - the final resource count might be different
    Info: Implemented 14 input pins
    Info: Implemented 9 output pins
    Info: Implemented 1 bidirectional pins
    Info: Implemented 48 logic cells
Info: Generated suppressed messages file C:/Documents and Settings/Administrator/Desktop/seg7alu/seg7alu/lift_controller.map.smsg
Info: Quartus II Analysis & Synthesis was successful. 0 errors, 13 warnings
    Info: Peak virtual memory: 163 megabytes
    Info: Processing ended: Wed Dec 04 16:46:52 2024
    Info: Elapsed time: 00:00:01
    Info: Total CPU time (on all processors): 00:00:01


+------------------------------------------+
; Analysis & Synthesis Suppressed Messages ;
+------------------------------------------+
The suppressed messages can be found in C:/Documents and Settings/Administrator/Desktop/seg7alu/seg7alu/lift_controller.map.smsg.


