EDA Netlist Writer report for lift_controller
Wed Dec 04 16:46:58 2024
Quartus II Version 8.1 Build 163 10/28/2008 SJ Web Edition


---------------------
; Table of Contents ;
---------------------
  1. Legal Notice
  2. EDA Netlist Writer Summary
  3. Simulation Settings
  4. Simulation Generated Files
  5. Timing Analysis Settings
  6. Timing Analysis Generated Files
  7. EDA Netlist Writer Messages



----------------
; Legal Notice ;
----------------
Copyright (C) 1991-2008 Altera Corporation
Your use of Altera Corporation's design tools, logic functions 
and other software and tools, and its AMPP partner logic 
functions, and any output files from any of the foregoing 
(including device programming or simulation files), and any 
associated documentation or information are expressly subject 
to the terms and conditions of the Altera Program License 
Subscription Agreement, Altera MegaCore Function License 
Agreement, or other applicable license agreement, including, 
without limitation, that your use is for the sole purpose of 
programming logic devices manufactured by Altera and sold by 
Altera or its authorized distributors.  Please refer to the 
applicable agreement for further details.



+------------------------------------------------------------------------+
; EDA Netlist Writer Summary                                             ;
+--------------------------------+---------------------------------------+
; EDA Netlist Writer Status      ; Successful - Wed Dec 04 16:46:58 2024 ;
; Revision Name                  ; lift_controller                       ;
; Top-level Entity Name          ; lift_controller                       ;
; Family                         ; FLEX10K                               ;
; Simulation Files Creation      ; Successful                            ;
; Timing Analysis Files Creation ; Successful                            ;
+--------------------------------+---------------------------------------+


+-------------------------------------------------------------------------------------------------------------------+
; Simulation Settings                                                                                               ;
+--------------------------------------------------------------------------------------------+----------------------+
; Option                                                                                     ; Setting              ;
+--------------------------------------------------------------------------------------------+----------------------+
; Tool Name                                                                                  ; Active-HDL (Verilog) ;
; Generate netlist for functional simulation only                                            ; Off                  ;
; Time scale                                                                                 ; 1 ps                 ;
; Truncate long hierarchy paths                                                              ; Off                  ;
; Map illegal HDL characters                                                                 ; Off                  ;
; Flatten buses into individual nodes                                                        ; Off                  ;
; Maintain hierarchy                                                                         ; Off                  ;
; Bring out device-wide set/reset signals as ports                                           ; Off                  ;
; Enable glitch filtering                                                                    ; Off                  ;
; Do not write top level VHDL entity                                                         ; Off                  ;
; Disable setup and hold time violations detection in input registers of bi-directional pins ; Off                  ;
; Architecture name in VHDL output netlist                                                   ; structure            ;
+--------------------------------------------------------------------------------------------+----------------------+


+------------------------------------------------------------------------------------------------------------+
; Simulation Generated Files                                                                                 ;
+------------------------------------------------------------------------------------------------------------+
; Generated Files                                                                                            ;
+------------------------------------------------------------------------------------------------------------+
; C:/Documents and Settings/Administrator/Desktop/seg7alu/seg7alu/simulation/activehdl/lift_controller.vo    ;
; C:/Documents and Settings/Administrator/Desktop/seg7alu/seg7alu/simulation/activehdl/lift_controller_v.sdo ;
+------------------------------------------------------------------------------------------------------------+


+-----------------------------------------------------------+
; Timing Analysis Settings                                  ;
+-------------------------------------+---------------------+
; Option                              ; Setting             ;
+-------------------------------------+---------------------+
; Tool Name                           ; PrimeTime (Verilog) ;
; Time scale                          ; 1 ps                ;
; Truncate long hierarchy paths       ; Off                 ;
; Map illegal HDL characters          ; Off                 ;
; Flatten buses into individual nodes ; Off                 ;
+-------------------------------------+---------------------+


+-----------------------------------------------------------------------------------------------------------+
; Timing Analysis Generated Files                                                                           ;
+-----------------------------------------------------------------------------------------------------------+
; Generated Files                                                                                           ;
+-----------------------------------------------------------------------------------------------------------+
; C:/Documents and Settings/Administrator/Desktop/seg7alu/seg7alu/timing/primetime/lift_controller.vo       ;
; C:/Documents and Settings/Administrator/Desktop/seg7alu/seg7alu/timing/primetime/lift_controller_v.sdo    ;
; C:/Documents and Settings/Administrator/Desktop/seg7alu/seg7alu/timing/primetime/lift_controller_pt_v.tcl ;
+-----------------------------------------------------------------------------------------------------------+


+-----------------------------+
; EDA Netlist Writer Messages ;
+-----------------------------+
Info: *******************************************************************
Info: Running Quartus II EDA Netlist Writer
    Info: Version 8.1 Build 163 10/28/2008 SJ Web Edition
    Info: Processing started: Wed Dec 04 16:46:58 2024
Info: Command: quartus_eda --read_settings_files=off --write_settings_files=off lift_controller -c lift_controller
Info: Generated files "lift_controller.vo" and "lift_controller_v.sdo" in directory "C:/Documents and Settings/Administrator/Desktop/seg7alu/seg7alu/simulation/activehdl/" for EDA simulation tool
Info: Generated files "lift_controller.vo" and "lift_controller_v.sdo" in directory "C:/Documents and Settings/Administrator/Desktop/seg7alu/seg7alu/timing/primetime/" for EDA timing analysis tool
Warning: Expected ENABLE_CLOCK_LATENCY to be set to ON but is set to OFF
Info: Generated PrimeTime Tcl script file C:/Documents and Settings/Administrator/Desktop/seg7alu/seg7alu/timing/primetime/lift_controller_pt_v.tcl
Info: Quartus II EDA Netlist Writer was successful. 0 errors, 1 warning
    Info: Peak virtual memory: 118 megabytes
    Info: Processing ended: Wed Dec 04 16:46:59 2024
    Info: Elapsed time: 00:00:01
    Info: Total CPU time (on all processors): 00:00:01


