Classic Timing Analyzer report for lift_controller
Wed Dec 04 16:46:57 2024
Quartus II Version 8.1 Build 163 10/28/2008 SJ Web Edition


---------------------
; Table of Contents ;
---------------------
  1. Legal Notice
  2. Timing Analyzer Summary
  3. Timing Analyzer Settings
  4. Clock Settings Summary
  5. Clock Setup: 'clock'
  6. tsu
  7. tco
  8. th
  9. Timing Analyzer Messages



----------------
; Legal Notice ;
----------------
Copyright (C) 1991-2008 Altera Corporation
Your use of Altera Corporation's design tools, logic functions 
and other software and tools, and its AMPP partner logic 
functions, and any output files from any of the foregoing 
(including device programming or simulation files), and any 
associated documentation or information are expressly subject 
to the terms and conditions of the Altera Program License 
Subscription Agreement, Altera MegaCore Function License 
Agreement, or other applicable license agreement, including, 
without limitation, that your use is for the sole purpose of 
programming logic devices manufactured by Altera and sold by 
Altera or its authorized distributors.  Please refer to the 
applicable agreement for further details.



+------------------------------------------------------------------------------------------------------------------------------------------------------------------------------------------+
; Timing Analyzer Summary                                                                                                                                                                  ;
+------------------------------+-------+---------------+------------------------------------------------+---------------------+---------------------+------------+----------+--------------+
; Type                         ; Slack ; Required Time ; Actual Time                                    ; From                ; To                  ; From Clock ; To Clock ; Failed Paths ;
+------------------------------+-------+---------------+------------------------------------------------+---------------------+---------------------+------------+----------+--------------+
; Worst-case tsu               ; N/A   ; None          ; 28.100 ns                                      ; L2[0]               ; seg_display[4]~reg0 ; --         ; clock    ; 0            ;
; Worst-case tco               ; N/A   ; None          ; 11.600 ns                                      ; seg_display[0]~reg0 ; seg_display[0]      ; clock      ; --       ; 0            ;
; Worst-case th                ; N/A   ; None          ; -5.900 ns                                      ; CF[0]               ; seg_display[0]~reg0 ; --         ; clock    ; 0            ;
; Clock Setup: 'clock'         ; N/A   ; None          ; Restricted to 125.00 MHz ( period = 8.000 ns ) ; Lift_up             ; yellow_led~reg0     ; clock      ; clock    ; 0            ;
; Total number of failed paths ;       ;               ;                                                ;                     ;                     ;            ;          ; 0            ;
+------------------------------+-------+---------------+------------------------------------------------+---------------------+---------------------+------------+----------+--------------+


+--------------------------------------------------------------------------------------------------------------------+
; Timing Analyzer Settings                                                                                           ;
+---------------------------------------------------------------------+--------------------+------+----+-------------+
; Option                                                              ; Setting            ; From ; To ; Entity Name ;
+---------------------------------------------------------------------+--------------------+------+----+-------------+
; Device Name                                                         ; EPF10K10TC144-3    ;      ;    ;             ;
; Timing Models                                                       ; Final              ;      ;    ;             ;
; Default hold multicycle                                             ; Same as Multicycle ;      ;    ;             ;
; Cut paths between unrelated clock domains                           ; On                 ;      ;    ;             ;
; Cut off read during write signal paths                              ; On                 ;      ;    ;             ;
; Cut off feedback from I/O pins                                      ; On                 ;      ;    ;             ;
; Report Combined Fast/Slow Timing                                    ; Off                ;      ;    ;             ;
; Ignore Clock Settings                                               ; Off                ;      ;    ;             ;
; Analyze latches as synchronous elements                             ; On                 ;      ;    ;             ;
; Enable Recovery/Removal analysis                                    ; Off                ;      ;    ;             ;
; Enable Clock Latency                                                ; Off                ;      ;    ;             ;
; Use TimeQuest Timing Analyzer                                       ; Off                ;      ;    ;             ;
; Number of source nodes to report per destination node               ; 10                 ;      ;    ;             ;
; Number of destination nodes to report                               ; 10                 ;      ;    ;             ;
; Number of paths to report                                           ; 200                ;      ;    ;             ;
; Report Minimum Timing Checks                                        ; Off                ;      ;    ;             ;
; Use Fast Timing Models                                              ; Off                ;      ;    ;             ;
; Report IO Paths Separately                                          ; Off                ;      ;    ;             ;
; Perform Multicorner Analysis                                        ; Off                ;      ;    ;             ;
; Reports the worst-case path for each clock domain and analysis      ; Off                ;      ;    ;             ;
; Removes common clock path pessimism (CCPP) during slack computation ; Off                ;      ;    ;             ;
; Output I/O Timing Endpoint                                          ; Near End           ;      ;    ;             ;
+---------------------------------------------------------------------+--------------------+------+----+-------------+


+------------------------------------------------------------------------------------------------------------------------------------------------------------------------------------+
; Clock Settings Summary                                                                                                                                                             ;
+-----------------+--------------------+----------+------------------+---------------+--------------+----------+-----------------------+---------------------+--------+--------------+
; Clock Node Name ; Clock Setting Name ; Type     ; Fmax Requirement ; Early Latency ; Late Latency ; Based on ; Multiply Base Fmax by ; Divide Base Fmax by ; Offset ; Phase offset ;
+-----------------+--------------------+----------+------------------+---------------+--------------+----------+-----------------------+---------------------+--------+--------------+
; clock           ;                    ; User Pin ; None             ; 0.000 ns      ; 0.000 ns     ; --       ; N/A                   ; N/A                 ; N/A    ;              ;
+-----------------+--------------------+----------+------------------+---------------+--------------+----------+-----------------------+---------------------+--------+--------------+


+------------------------------------------------------------------------------------------------------------------------------------------------------------------------------------------------+
; Clock Setup: 'clock'                                                                                                                                                                           ;
+-------+------------------------------------------------+---------+-----------------+------------+----------+-----------------------------+---------------------------+-------------------------+
; Slack ; Actual fmax (period)                           ; From    ; To              ; From Clock ; To Clock ; Required Setup Relationship ; Required Longest P2P Time ; Actual Longest P2P Time ;
+-------+------------------------------------------------+---------+-----------------+------------+----------+-----------------------------+---------------------------+-------------------------+
; N/A   ; Restricted to 125.00 MHz ( period = 8.000 ns ) ; Lift_up ; red_led~reg0    ; clock      ; clock    ; None                        ; None                      ; 1.500 ns                ;
; N/A   ; Restricted to 125.00 MHz ( period = 8.000 ns ) ; Lift_up ; yellow_led~reg0 ; clock      ; clock    ; None                        ; None                      ; 1.500 ns                ;
+-------+------------------------------------------------+---------+-----------------+------------+----------+-----------------------------+---------------------------+-------------------------+


+----------------------------------------------------------------------------+
; tsu                                                                        ;
+-------+--------------+------------+-------+---------------------+----------+
; Slack ; Required tsu ; Actual tsu ; From  ; To                  ; To Clock ;
+-------+--------------+------------+-------+---------------------+----------+
; N/A   ; None         ; 28.100 ns  ; L2[0] ; seg_display[4]~reg0 ; clock    ;
; N/A   ; None         ; 27.900 ns  ; L2[3] ; seg_display[4]~reg0 ; clock    ;
; N/A   ; None         ; 27.900 ns  ; L2[0] ; Lift_up             ; clock    ;
; N/A   ; None         ; 27.900 ns  ; L2[0] ; seg_display[0]~78   ; clock    ;
; N/A   ; None         ; 27.900 ns  ; L2[0] ; seg_display[0]~79   ; clock    ;
; N/A   ; None         ; 27.900 ns  ; L2[0] ; seg_display[0]~80   ; clock    ;
; N/A   ; None         ; 27.700 ns  ; L2[3] ; Lift_up             ; clock    ;
; N/A   ; None         ; 27.700 ns  ; L2[3] ; seg_display[0]~78   ; clock    ;
; N/A   ; None         ; 27.700 ns  ; L2[3] ; seg_display[0]~79   ; clock    ;
; N/A   ; None         ; 27.700 ns  ; L2[3] ; seg_display[0]~80   ; clock    ;
; N/A   ; None         ; 27.500 ns  ; L2[2] ; seg_display[4]~reg0 ; clock    ;
; N/A   ; None         ; 27.400 ns  ; L2[0] ; seg_display[0]~reg0 ; clock    ;
; N/A   ; None         ; 27.300 ns  ; L2[2] ; Lift_up             ; clock    ;
; N/A   ; None         ; 27.300 ns  ; L2[2] ; seg_display[0]~78   ; clock    ;
; N/A   ; None         ; 27.300 ns  ; L2[2] ; seg_display[0]~79   ; clock    ;
; N/A   ; None         ; 27.300 ns  ; L2[2] ; seg_display[0]~80   ; clock    ;
; N/A   ; None         ; 27.200 ns  ; L2[3] ; seg_display[0]~reg0 ; clock    ;
; N/A   ; None         ; 26.800 ns  ; L2[2] ; seg_display[0]~reg0 ; clock    ;
; N/A   ; None         ; 26.200 ns  ; CF[3] ; seg_display[4]~reg0 ; clock    ;
; N/A   ; None         ; 26.100 ns  ; CF[2] ; seg_display[4]~reg0 ; clock    ;
; N/A   ; None         ; 26.000 ns  ; CF[3] ; Lift_up             ; clock    ;
; N/A   ; None         ; 26.000 ns  ; CF[3] ; seg_display[0]~78   ; clock    ;
; N/A   ; None         ; 26.000 ns  ; CF[3] ; seg_display[0]~79   ; clock    ;
; N/A   ; None         ; 26.000 ns  ; CF[3] ; seg_display[0]~80   ; clock    ;
; N/A   ; None         ; 25.900 ns  ; CF[2] ; Lift_up             ; clock    ;
; N/A   ; None         ; 25.900 ns  ; CF[2] ; seg_display[0]~78   ; clock    ;
; N/A   ; None         ; 25.900 ns  ; CF[2] ; seg_display[0]~79   ; clock    ;
; N/A   ; None         ; 25.900 ns  ; CF[2] ; seg_display[0]~80   ; clock    ;
; N/A   ; None         ; 25.500 ns  ; CF[3] ; seg_display[0]~reg0 ; clock    ;
; N/A   ; None         ; 25.500 ns  ; CF[0] ; seg_display[4]~reg0 ; clock    ;
; N/A   ; None         ; 25.400 ns  ; CF[2] ; seg_display[0]~reg0 ; clock    ;
; N/A   ; None         ; 25.300 ns  ; CF[0] ; Lift_up             ; clock    ;
; N/A   ; None         ; 25.300 ns  ; CF[0] ; seg_display[0]~78   ; clock    ;
; N/A   ; None         ; 25.300 ns  ; CF[0] ; seg_display[0]~79   ; clock    ;
; N/A   ; None         ; 25.300 ns  ; CF[0] ; seg_display[0]~80   ; clock    ;
; N/A   ; None         ; 25.000 ns  ; L2[1] ; seg_display[4]~reg0 ; clock    ;
; N/A   ; None         ; 24.800 ns  ; L2[1] ; Lift_up             ; clock    ;
; N/A   ; None         ; 24.800 ns  ; L2[1] ; seg_display[0]~78   ; clock    ;
; N/A   ; None         ; 24.800 ns  ; L2[1] ; seg_display[0]~79   ; clock    ;
; N/A   ; None         ; 24.800 ns  ; L2[1] ; seg_display[0]~80   ; clock    ;
; N/A   ; None         ; 24.800 ns  ; L1[3] ; seg_display[4]~reg0 ; clock    ;
; N/A   ; None         ; 24.800 ns  ; CF[0] ; seg_display[0]~reg0 ; clock    ;
; N/A   ; None         ; 24.600 ns  ; L1[3] ; Lift_up             ; clock    ;
; N/A   ; None         ; 24.600 ns  ; L1[3] ; seg_display[0]~78   ; clock    ;
; N/A   ; None         ; 24.600 ns  ; L1[3] ; seg_display[0]~79   ; clock    ;
; N/A   ; None         ; 24.600 ns  ; L1[3] ; seg_display[0]~80   ; clock    ;
; N/A   ; None         ; 24.300 ns  ; L2[1] ; seg_display[0]~reg0 ; clock    ;
; N/A   ; None         ; 24.200 ns  ; L1[2] ; seg_display[4]~reg0 ; clock    ;
; N/A   ; None         ; 24.100 ns  ; L1[3] ; seg_display[0]~reg0 ; clock    ;
; N/A   ; None         ; 24.100 ns  ; L1[0] ; seg_display[4]~reg0 ; clock    ;
; N/A   ; None         ; 24.000 ns  ; L1[2] ; Lift_up             ; clock    ;
; N/A   ; None         ; 24.000 ns  ; L1[2] ; seg_display[0]~78   ; clock    ;
; N/A   ; None         ; 24.000 ns  ; L1[2] ; seg_display[0]~79   ; clock    ;
; N/A   ; None         ; 24.000 ns  ; L1[2] ; seg_display[0]~80   ; clock    ;
; N/A   ; None         ; 23.900 ns  ; L1[0] ; Lift_up             ; clock    ;
; N/A   ; None         ; 23.900 ns  ; L1[0] ; seg_display[0]~78   ; clock    ;
; N/A   ; None         ; 23.900 ns  ; L1[0] ; seg_display[0]~79   ; clock    ;
; N/A   ; None         ; 23.900 ns  ; L1[0] ; seg_display[0]~80   ; clock    ;
; N/A   ; None         ; 23.600 ns  ; CF[1] ; seg_display[4]~reg0 ; clock    ;
; N/A   ; None         ; 23.500 ns  ; L1[2] ; seg_display[0]~reg0 ; clock    ;
; N/A   ; None         ; 23.400 ns  ; CF[1] ; Lift_up             ; clock    ;
; N/A   ; None         ; 23.400 ns  ; CF[1] ; seg_display[0]~78   ; clock    ;
; N/A   ; None         ; 23.400 ns  ; CF[1] ; seg_display[0]~79   ; clock    ;
; N/A   ; None         ; 23.400 ns  ; CF[1] ; seg_display[0]~80   ; clock    ;
; N/A   ; None         ; 23.400 ns  ; L1[0] ; seg_display[0]~reg0 ; clock    ;
; N/A   ; None         ; 22.900 ns  ; CF[1] ; seg_display[0]~reg0 ; clock    ;
; N/A   ; None         ; 21.600 ns  ; L1[1] ; seg_display[4]~reg0 ; clock    ;
; N/A   ; None         ; 21.400 ns  ; L1[1] ; Lift_up             ; clock    ;
; N/A   ; None         ; 21.400 ns  ; L1[1] ; seg_display[0]~78   ; clock    ;
; N/A   ; None         ; 21.400 ns  ; L1[1] ; seg_display[0]~79   ; clock    ;
; N/A   ; None         ; 21.400 ns  ; L1[1] ; seg_display[0]~80   ; clock    ;
; N/A   ; None         ; 20.900 ns  ; L1[1] ; seg_display[0]~reg0 ; clock    ;
; N/A   ; None         ; 17.200 ns  ; L2[1] ; red_led~reg0        ; clock    ;
; N/A   ; None         ; 17.200 ns  ; L2[1] ; yellow_led~reg0     ; clock    ;
; N/A   ; None         ; 16.900 ns  ; CF[3] ; red_led~reg0        ; clock    ;
; N/A   ; None         ; 16.900 ns  ; CF[3] ; yellow_led~reg0     ; clock    ;
; N/A   ; None         ; 16.600 ns  ; L2[3] ; red_led~reg0        ; clock    ;
; N/A   ; None         ; 16.600 ns  ; L2[3] ; yellow_led~reg0     ; clock    ;
; N/A   ; None         ; 16.300 ns  ; CF[2] ; red_led~reg0        ; clock    ;
; N/A   ; None         ; 16.300 ns  ; CF[2] ; yellow_led~reg0     ; clock    ;
; N/A   ; None         ; 16.200 ns  ; L2[2] ; red_led~reg0        ; clock    ;
; N/A   ; None         ; 16.200 ns  ; L2[2] ; yellow_led~reg0     ; clock    ;
; N/A   ; None         ; 16.000 ns  ; L1[3] ; red_led~reg0        ; clock    ;
; N/A   ; None         ; 16.000 ns  ; L1[3] ; yellow_led~reg0     ; clock    ;
; N/A   ; None         ; 15.600 ns  ; CF[1] ; red_led~reg0        ; clock    ;
; N/A   ; None         ; 15.600 ns  ; CF[1] ; yellow_led~reg0     ; clock    ;
; N/A   ; None         ; 15.400 ns  ; L1[2] ; red_led~reg0        ; clock    ;
; N/A   ; None         ; 15.400 ns  ; L1[2] ; yellow_led~reg0     ; clock    ;
; N/A   ; None         ; 14.800 ns  ; L2[0] ; red_led~reg0        ; clock    ;
; N/A   ; None         ; 14.800 ns  ; L2[0] ; yellow_led~reg0     ; clock    ;
; N/A   ; None         ; 14.700 ns  ; L1[1] ; red_led~reg0        ; clock    ;
; N/A   ; None         ; 14.700 ns  ; L1[1] ; yellow_led~reg0     ; clock    ;
; N/A   ; None         ; 13.500 ns  ; CF[0] ; red_led~reg0        ; clock    ;
; N/A   ; None         ; 13.500 ns  ; CF[0] ; yellow_led~reg0     ; clock    ;
; N/A   ; None         ; 12.100 ns  ; L1[0] ; red_led~reg0        ; clock    ;
; N/A   ; None         ; 12.100 ns  ; L1[0] ; yellow_led~reg0     ; clock    ;
+-------+--------------+------------+-------+---------------------+----------+


+---------------------------------------------------------------------------------------+
; tco                                                                                   ;
+-------+--------------+------------+---------------------+----------------+------------+
; Slack ; Required tco ; Actual tco ; From                ; To             ; From Clock ;
+-------+--------------+------------+---------------------+----------------+------------+
; N/A   ; None         ; 11.600 ns  ; seg_display[0]~reg0 ; seg_display[0] ; clock      ;
; N/A   ; None         ; 10.600 ns  ; yellow_led~reg0     ; yellow_led     ; clock      ;
; N/A   ; None         ; 10.600 ns  ; red_led~reg0        ; red_led        ; clock      ;
; N/A   ; None         ; 10.600 ns  ; seg_display[4]~reg0 ; seg_display[4] ; clock      ;
; N/A   ; None         ; 10.600 ns  ; seg_display[0]~79   ; seg_display[3] ; clock      ;
; N/A   ; None         ; 10.600 ns  ; seg_display[0]~78   ; seg_display[2] ; clock      ;
; N/A   ; None         ; 9.900 ns   ; seg_display[0]~80   ; seg_display[6] ; clock      ;
; N/A   ; None         ; 9.900 ns   ; seg_display[5]~reg0 ; seg_display[5] ; clock      ;
+-------+--------------+------------+---------------------+----------------+------------+


+-----------------------------------------------------------------------------------+
; th                                                                                ;
+---------------+-------------+------------+-------+---------------------+----------+
; Minimum Slack ; Required th ; Actual th  ; From  ; To                  ; To Clock ;
+---------------+-------------+------------+-------+---------------------+----------+
; N/A           ; None        ; -5.900 ns  ; CF[0] ; seg_display[0]~reg0 ; clock    ;
; N/A           ; None        ; -6.300 ns  ; L1[1] ; Lift_up             ; clock    ;
; N/A           ; None        ; -6.500 ns  ; L1[0] ; seg_display[0]~reg0 ; clock    ;
; N/A           ; None        ; -6.900 ns  ; L1[0] ; seg_display[0]~78   ; clock    ;
; N/A           ; None        ; -6.900 ns  ; L1[0] ; seg_display[0]~79   ; clock    ;
; N/A           ; None        ; -6.900 ns  ; L1[0] ; seg_display[0]~80   ; clock    ;
; N/A           ; None        ; -7.100 ns  ; L1[0] ; seg_display[4]~reg0 ; clock    ;
; N/A           ; None        ; -7.700 ns  ; L1[2] ; Lift_up             ; clock    ;
; N/A           ; None        ; -7.800 ns  ; L1[3] ; Lift_up             ; clock    ;
; N/A           ; None        ; -8.000 ns  ; CF[1] ; seg_display[0]~reg0 ; clock    ;
; N/A           ; None        ; -8.000 ns  ; CF[2] ; seg_display[0]~reg0 ; clock    ;
; N/A           ; None        ; -8.000 ns  ; CF[0] ; seg_display[0]~78   ; clock    ;
; N/A           ; None        ; -8.000 ns  ; CF[0] ; seg_display[0]~79   ; clock    ;
; N/A           ; None        ; -8.000 ns  ; CF[0] ; seg_display[0]~80   ; clock    ;
; N/A           ; None        ; -8.000 ns  ; L2[0] ; seg_display[0]~reg0 ; clock    ;
; N/A           ; None        ; -8.100 ns  ; CF[1] ; Lift_up             ; clock    ;
; N/A           ; None        ; -8.100 ns  ; CF[3] ; seg_display[0]~reg0 ; clock    ;
; N/A           ; None        ; -8.100 ns  ; CF[0] ; seg_display[4]~reg0 ; clock    ;
; N/A           ; None        ; -8.900 ns  ; CF[2] ; Lift_up             ; clock    ;
; N/A           ; None        ; -9.000 ns  ; CF[3] ; Lift_up             ; clock    ;
; N/A           ; None        ; -9.100 ns  ; L1[1] ; seg_display[0]~reg0 ; clock    ;
; N/A           ; None        ; -9.300 ns  ; L1[0] ; Lift_up             ; clock    ;
; N/A           ; None        ; -9.400 ns  ; L2[2] ; seg_display[0]~reg0 ; clock    ;
; N/A           ; None        ; -9.400 ns  ; L1[0] ; red_led~reg0        ; clock    ;
; N/A           ; None        ; -9.400 ns  ; L1[0] ; yellow_led~reg0     ; clock    ;
; N/A           ; None        ; -9.500 ns  ; L2[1] ; Lift_up             ; clock    ;
; N/A           ; None        ; -9.500 ns  ; L1[1] ; seg_display[0]~78   ; clock    ;
; N/A           ; None        ; -9.500 ns  ; L1[1] ; seg_display[0]~79   ; clock    ;
; N/A           ; None        ; -9.500 ns  ; L1[1] ; seg_display[0]~80   ; clock    ;
; N/A           ; None        ; -9.700 ns  ; L1[1] ; seg_display[4]~reg0 ; clock    ;
; N/A           ; None        ; -9.800 ns  ; L2[3] ; seg_display[0]~reg0 ; clock    ;
; N/A           ; None        ; -9.800 ns  ; L1[2] ; seg_display[0]~reg0 ; clock    ;
; N/A           ; None        ; -10.000 ns ; CF[0] ; red_led~reg0        ; clock    ;
; N/A           ; None        ; -10.000 ns ; CF[0] ; Lift_up             ; clock    ;
; N/A           ; None        ; -10.000 ns ; CF[0] ; yellow_led~reg0     ; clock    ;
; N/A           ; None        ; -10.100 ns ; CF[1] ; seg_display[0]~78   ; clock    ;
; N/A           ; None        ; -10.100 ns ; CF[1] ; seg_display[0]~79   ; clock    ;
; N/A           ; None        ; -10.100 ns ; CF[1] ; seg_display[0]~80   ; clock    ;
; N/A           ; None        ; -10.100 ns ; CF[2] ; seg_display[0]~78   ; clock    ;
; N/A           ; None        ; -10.100 ns ; CF[2] ; seg_display[0]~79   ; clock    ;
; N/A           ; None        ; -10.100 ns ; CF[2] ; seg_display[0]~80   ; clock    ;
; N/A           ; None        ; -10.100 ns ; L2[0] ; seg_display[0]~78   ; clock    ;
; N/A           ; None        ; -10.100 ns ; L2[0] ; seg_display[0]~79   ; clock    ;
; N/A           ; None        ; -10.100 ns ; L2[0] ; seg_display[0]~80   ; clock    ;
; N/A           ; None        ; -10.200 ns ; L2[3] ; Lift_up             ; clock    ;
; N/A           ; None        ; -10.200 ns ; CF[1] ; seg_display[4]~reg0 ; clock    ;
; N/A           ; None        ; -10.200 ns ; CF[2] ; seg_display[4]~reg0 ; clock    ;
; N/A           ; None        ; -10.200 ns ; CF[3] ; seg_display[0]~78   ; clock    ;
; N/A           ; None        ; -10.200 ns ; CF[3] ; seg_display[0]~79   ; clock    ;
; N/A           ; None        ; -10.200 ns ; CF[3] ; seg_display[0]~80   ; clock    ;
; N/A           ; None        ; -10.200 ns ; L1[2] ; seg_display[0]~78   ; clock    ;
; N/A           ; None        ; -10.200 ns ; L1[2] ; seg_display[0]~79   ; clock    ;
; N/A           ; None        ; -10.200 ns ; L1[2] ; seg_display[0]~80   ; clock    ;
; N/A           ; None        ; -10.200 ns ; L2[0] ; seg_display[4]~reg0 ; clock    ;
; N/A           ; None        ; -10.300 ns ; CF[3] ; seg_display[4]~reg0 ; clock    ;
; N/A           ; None        ; -10.400 ns ; L2[1] ; seg_display[0]~reg0 ; clock    ;
; N/A           ; None        ; -10.400 ns ; L1[3] ; seg_display[0]~reg0 ; clock    ;
; N/A           ; None        ; -10.400 ns ; L1[2] ; seg_display[4]~reg0 ; clock    ;
; N/A           ; None        ; -10.800 ns ; L2[2] ; Lift_up             ; clock    ;
; N/A           ; None        ; -10.800 ns ; L1[3] ; seg_display[0]~78   ; clock    ;
; N/A           ; None        ; -10.800 ns ; L1[3] ; seg_display[0]~79   ; clock    ;
; N/A           ; None        ; -10.800 ns ; L1[3] ; seg_display[0]~80   ; clock    ;
; N/A           ; None        ; -11.000 ns ; L1[3] ; seg_display[4]~reg0 ; clock    ;
; N/A           ; None        ; -11.500 ns ; L2[2] ; seg_display[0]~78   ; clock    ;
; N/A           ; None        ; -11.500 ns ; L2[2] ; seg_display[0]~79   ; clock    ;
; N/A           ; None        ; -11.500 ns ; L2[2] ; seg_display[0]~80   ; clock    ;
; N/A           ; None        ; -11.600 ns ; L2[2] ; seg_display[4]~reg0 ; clock    ;
; N/A           ; None        ; -11.900 ns ; L2[3] ; seg_display[0]~78   ; clock    ;
; N/A           ; None        ; -11.900 ns ; L2[3] ; seg_display[0]~79   ; clock    ;
; N/A           ; None        ; -11.900 ns ; L2[3] ; seg_display[0]~80   ; clock    ;
; N/A           ; None        ; -12.000 ns ; L2[3] ; seg_display[4]~reg0 ; clock    ;
; N/A           ; None        ; -12.000 ns ; L1[1] ; red_led~reg0        ; clock    ;
; N/A           ; None        ; -12.000 ns ; L1[1] ; yellow_led~reg0     ; clock    ;
; N/A           ; None        ; -12.100 ns ; CF[1] ; red_led~reg0        ; clock    ;
; N/A           ; None        ; -12.100 ns ; CF[1] ; yellow_led~reg0     ; clock    ;
; N/A           ; None        ; -12.100 ns ; CF[2] ; red_led~reg0        ; clock    ;
; N/A           ; None        ; -12.100 ns ; CF[2] ; yellow_led~reg0     ; clock    ;
; N/A           ; None        ; -12.100 ns ; L2[0] ; red_led~reg0        ; clock    ;
; N/A           ; None        ; -12.100 ns ; L2[0] ; yellow_led~reg0     ; clock    ;
; N/A           ; None        ; -12.200 ns ; CF[3] ; red_led~reg0        ; clock    ;
; N/A           ; None        ; -12.200 ns ; CF[3] ; yellow_led~reg0     ; clock    ;
; N/A           ; None        ; -12.500 ns ; L2[1] ; seg_display[0]~78   ; clock    ;
; N/A           ; None        ; -12.500 ns ; L2[1] ; seg_display[0]~79   ; clock    ;
; N/A           ; None        ; -12.500 ns ; L2[1] ; seg_display[0]~80   ; clock    ;
; N/A           ; None        ; -12.600 ns ; L2[1] ; seg_display[4]~reg0 ; clock    ;
; N/A           ; None        ; -12.600 ns ; L2[0] ; Lift_up             ; clock    ;
; N/A           ; None        ; -12.700 ns ; L1[2] ; red_led~reg0        ; clock    ;
; N/A           ; None        ; -12.700 ns ; L1[2] ; yellow_led~reg0     ; clock    ;
; N/A           ; None        ; -13.300 ns ; L1[3] ; red_led~reg0        ; clock    ;
; N/A           ; None        ; -13.300 ns ; L1[3] ; yellow_led~reg0     ; clock    ;
; N/A           ; None        ; -13.500 ns ; L2[2] ; red_led~reg0        ; clock    ;
; N/A           ; None        ; -13.500 ns ; L2[2] ; yellow_led~reg0     ; clock    ;
; N/A           ; None        ; -13.900 ns ; L2[3] ; red_led~reg0        ; clock    ;
; N/A           ; None        ; -13.900 ns ; L2[3] ; yellow_led~reg0     ; clock    ;
; N/A           ; None        ; -14.500 ns ; L2[1] ; red_led~reg0        ; clock    ;
; N/A           ; None        ; -14.500 ns ; L2[1] ; yellow_led~reg0     ; clock    ;
+---------------+-------------+------------+-------+---------------------+----------+


+--------------------------+
; Timing Analyzer Messages ;
+--------------------------+
Info: *******************************************************************
Info: Running Quartus II Classic Timing Analyzer
    Info: Version 8.1 Build 163 10/28/2008 SJ Web Edition
    Info: Processing started: Wed Dec 04 16:46:56 2024
Info: Command: quartus_tan --read_settings_files=off --write_settings_files=off lift_controller -c lift_controller
Info: Started post-fitting delay annotation
Info: Delay annotation completed successfully
Warning: Found pins functioning as undefined clocks and/or memory enables
    Info: Assuming node "clock" is an undefined clock
Info: Clock "clock" Internal fmax is restricted to 125.0 MHz between source register "Lift_up" and destination register "red_led~reg0"
    Info: fmax restricted to Clock High delay (4.0 ns) plus Clock Low delay (4.0 ns) : restricted to 8.0 ns. Expand message to see actual delay path.
        Info: + Longest register to register delay is 1.500 ns
            Info: 1: + IC(0.000 ns) + CELL(0.000 ns) = 0.000 ns; Loc. = LC5_B16; Fanout = 2; REG Node = 'Lift_up'
            Info: 2: + IC(0.600 ns) + CELL(0.900 ns) = 1.500 ns; Loc. = LC1_B16; Fanout = 1; REG Node = 'red_led~reg0'
            Info: Total cell delay = 0.900 ns ( 60.00 % )
            Info: Total interconnect delay = 0.600 ns ( 40.00 % )
        Info: - Smallest clock skew is 0.000 ns
            Info: + Shortest clock path from clock "clock" to destination register is 3.900 ns
                Info: 1: + IC(0.000 ns) + CELL(1.900 ns) = 1.900 ns; Loc. = PIN_54; Fanout = 9; CLK Node = 'clock'
                Info: 2: + IC(2.000 ns) + CELL(0.000 ns) = 3.900 ns; Loc. = LC1_B16; Fanout = 1; REG Node = 'red_led~reg0'
                Info: Total cell delay = 1.900 ns ( 48.72 % )
                Info: Total interconnect delay = 2.000 ns ( 51.28 % )
            Info: - Longest clock path from clock "clock" to source register is 3.900 ns
                Info: 1: + IC(0.000 ns) + CELL(1.900 ns) = 1.900 ns; Loc. = PIN_54; Fanout = 9; CLK Node = 'clock'
                Info: 2: + IC(2.000 ns) + CELL(0.000 ns) = 3.900 ns; Loc. = LC5_B16; Fanout = 2; REG Node = 'Lift_up'
                Info: Total cell delay = 1.900 ns ( 48.72 % )
                Info: Total interconnect delay = 2.000 ns ( 51.28 % )
        Info: + Micro clock to output delay of source is 0.900 ns
        Info: + Micro setup delay of destination is 1.300 ns
Info: tsu for register "seg_display[4]~reg0" (data pin = "L2[0]", clock pin = "clock") is 28.100 ns
    Info: + Longest pin to register delay is 30.700 ns
        Info: 1: + IC(0.000 ns) + CELL(3.100 ns) = 3.100 ns; Loc. = PIN_81; Fanout = 6; PIN Node = 'L2[0]'
        Info: 2: + IC(6.300 ns) + CELL(1.900 ns) = 11.300 ns; Loc. = LC7_B8; Fanout = 1; COMB Node = 'LessThan1~299'
        Info: 3: + IC(0.600 ns) + CELL(1.900 ns) = 13.800 ns; Loc. = LC3_B8; Fanout = 6; COMB Node = 'LessThan1~301'
        Info: 4: + IC(2.700 ns) + CELL(1.400 ns) = 17.900 ns; Loc. = LC2_B1; Fanout = 1; COMB Node = 'LessThan2~291'
        Info: 5: + IC(0.600 ns) + CELL(1.400 ns) = 19.900 ns; Loc. = LC1_B1; Fanout = 1; COMB Node = 'LessThan2~292'
        Info: 6: + IC(2.300 ns) + CELL(1.900 ns) = 24.100 ns; Loc. = LC8_B2; Fanout = 1; COMB Node = 'LessThan2~293'
        Info: 7: + IC(0.600 ns) + CELL(1.900 ns) = 26.600 ns; Loc. = LC1_B2; Fanout = 6; COMB Node = 'LessThan2~294'
        Info: 8: + IC(3.200 ns) + CELL(0.900 ns) = 30.700 ns; Loc. = LC2_B23; Fanout = 1; REG Node = 'seg_display[4]~reg0'
        Info: Total cell delay = 14.400 ns ( 46.91 % )
        Info: Total interconnect delay = 16.300 ns ( 53.09 % )
    Info: + Micro setup delay of destination is 1.300 ns
    Info: - Shortest clock path from clock "clock" to destination register is 3.900 ns
        Info: 1: + IC(0.000 ns) + CELL(1.900 ns) = 1.900 ns; Loc. = PIN_54; Fanout = 9; CLK Node = 'clock'
        Info: 2: + IC(2.000 ns) + CELL(0.000 ns) = 3.900 ns; Loc. = LC2_B23; Fanout = 1; REG Node = 'seg_display[4]~reg0'
        Info: Total cell delay = 1.900 ns ( 48.72 % )
        Info: Total interconnect delay = 2.000 ns ( 51.28 % )
Info: tco from clock "clock" to destination pin "seg_display[0]" through register "seg_display[0]~reg0" is 11.600 ns
    Info: + Longest clock path from clock "clock" to source register is 3.900 ns
        Info: 1: + IC(0.000 ns) + CELL(1.900 ns) = 1.900 ns; Loc. = PIN_54; Fanout = 9; CLK Node = 'clock'
        Info: 2: + IC(2.000 ns) + CELL(0.000 ns) = 3.900 ns; Loc. = LC6_B8; Fanout = 1; REG Node = 'seg_display[0]~reg0'
        Info: Total cell delay = 1.900 ns ( 48.72 % )
        Info: Total interconnect delay = 2.000 ns ( 51.28 % )
    Info: + Micro clock to output delay of source is 0.900 ns
    Info: + Longest register to pin delay is 6.800 ns
        Info: 1: + IC(0.000 ns) + CELL(0.000 ns) = 0.000 ns; Loc. = LC6_B8; Fanout = 1; REG Node = 'seg_display[0]~reg0'
        Info: 2: + IC(2.900 ns) + CELL(3.900 ns) = 6.800 ns; Loc. = PIN_31; Fanout = 0; PIN Node = 'seg_display[0]'
        Info: Total cell delay = 3.900 ns ( 57.35 % )
        Info: Total interconnect delay = 2.900 ns ( 42.65 % )
Info: th for register "seg_display[0]~reg0" (data pin = "CF[0]", clock pin = "clock") is -5.900 ns
    Info: + Longest clock path from clock "clock" to destination register is 3.900 ns
        Info: 1: + IC(0.000 ns) + CELL(1.900 ns) = 1.900 ns; Loc. = PIN_54; Fanout = 9; CLK Node = 'clock'
        Info: 2: + IC(2.000 ns) + CELL(0.000 ns) = 3.900 ns; Loc. = LC6_B8; Fanout = 1; REG Node = 'seg_display[0]~reg0'
        Info: Total cell delay = 1.900 ns ( 48.72 % )
        Info: Total interconnect delay = 2.000 ns ( 51.28 % )
    Info: + Micro hold delay of destination is 1.400 ns
    Info: - Shortest pin to register delay is 11.200 ns
        Info: 1: + IC(0.000 ns) + CELL(3.100 ns) = 3.100 ns; Loc. = PIN_51; Fanout = 12; PIN Node = 'CF[0]'
        Info: 2: + IC(4.200 ns) + CELL(1.900 ns) = 9.200 ns; Loc. = LC1_B8; Fanout = 6; COMB Node = 'Equal1~62'
        Info: 3: + IC(0.600 ns) + CELL(1.400 ns) = 11.200 ns; Loc. = LC6_B8; Fanout = 1; REG Node = 'seg_display[0]~reg0'
        Info: Total cell delay = 6.400 ns ( 57.14 % )
        Info: Total interconnect delay = 4.800 ns ( 42.86 % )
Info: Quartus II Classic Timing Analyzer was successful. 0 errors, 1 warning
    Info: Peak virtual memory: 126 megabytes
    Info: Processing ended: Wed Dec 04 16:46:57 2024
    Info: Elapsed time: 00:00:01
    Info: Total CPU time (on all processors): 00:00:01


