Flow report for lift_controller
Wed Dec 04 16:46:58 2024
Quartus II Version 8.1 Build 163 10/28/2008 SJ Web Edition


---------------------
; Table of Contents ;
---------------------
  1. Legal Notice
  2. Flow Summary
  3. Flow Settings
  4. Flow Non-Default Global Settings
  5. Flow Elapsed Time
  6. Flow OS Summary
  7. Flow Log



----------------
; Legal Notice ;
----------------
Copyright (C) 1991-2008 Altera Corporation
Your use of Altera Corporation's design tools, logic functions 
and other software and tools, and its AMPP partner logic 
functions, and any output files from any of the foregoing 
(including device programming or simulation files), and any 
associated documentation or information are expressly subject 
to the terms and conditions of the Altera Program License 
Subscription Agreement, Altera MegaCore Function License 
Agreement, or other applicable license agreement, including, 
without limitation, that your use is for the sole purpose of 
programming logic devices manufactured by Altera and sold by 
Altera or its authorized distributors.  Please refer to the 
applicable agreement for further details.



+-------------------------------------------------------------------+
; Flow Summary                                                      ;
+-------------------------+-----------------------------------------+
; Flow Status             ; Successful - Wed Dec 04 16:46:58 2024   ;
; Quartus II Version      ; 8.1 Build 163 10/28/2008 SJ Web Edition ;
; Revision Name           ; lift_controller                         ;
; Top-level Entity Name   ; lift_controller                         ;
; Family                  ; FLEX10K                                 ;
; Device                  ; EPF10K10TC144-3                         ;
; Timing Models           ; Final                                   ;
; Met timing requirements ; Yes                                     ;
; Total logic elements    ; 51 / 576 ( 9 % )                        ;
; Total pins              ; 24 / 102 ( 24 % )                       ;
; Total memory bits       ; 0 / 6,144 ( 0 % )                       ;
+-------------------------+-----------------------------------------+


+-----------------------------------------+
; Flow Settings                           ;
+-------------------+---------------------+
; Option            ; Setting             ;
+-------------------+---------------------+
; Start date & time ; 12/04/2024 16:46:51 ;
; Main task         ; Compilation         ;
; Revision Name     ; lift_controller     ;
+-------------------+---------------------+


+----------------------------------------------------------------------------------------------------------------------------------------------------------------------+
; Flow Non-Default Global Settings                                                                                                                                     ;
+------------------------------------+----------------------------------------------------------------------------+---------------+-------------+----------------------+
; Assignment Name                    ; Value                                                                      ; Default Value ; Entity Name ; Section Id           ;
+------------------------------------+----------------------------------------------------------------------------+---------------+-------------+----------------------+
; COMPILER_SIGNATURE_ID              ; 269322059861341.173330921104016                                            ; --            ; --          ; --                   ;
; EDA_DESIGN_ENTRY_SYNTHESIS_TOOL    ; Design Compiler                                                            ; <None>        ; --          ; --                   ;
; EDA_INPUT_DATA_FORMAT              ; Edif                                                                       ; --            ; --          ; eda_design_synthesis ;
; EDA_INPUT_VCC_NAME                 ; Vdd                                                                        ; --            ; --          ; eda_design_synthesis ;
; EDA_LMF_FILE                       ; altsyn.lmf                                                                 ; --            ; --          ; eda_design_synthesis ;
; EDA_OUTPUT_DATA_FORMAT             ; Verilog                                                                    ; --            ; --          ; eda_simulation       ;
; EDA_OUTPUT_DATA_FORMAT             ; Verilog                                                                    ; --            ; --          ; eda_timing_analysis  ;
; EDA_SIMULATION_TOOL                ; Active-HDL (Verilog)                                                       ; <None>        ; --          ; --                   ;
; EDA_TIME_SCALE                     ; 1 ps                                                                       ; --            ; --          ; eda_simulation       ;
; EDA_TIMING_ANALYSIS_TOOL           ; PrimeTime (Verilog)                                                        ; <None>        ; --          ; --                   ;
; MISC_FILE                          ; C:/Documents and Settings/RNS  LAB/Desktop/Alu/seg7alu/lift_controller.dpf ; --            ; --          ; --                   ;
; USE_GENERATED_PHYSICAL_CONSTRAINTS ; Off                                                                        ; --            ; --          ; eda_palace           ;
+------------------------------------+----------------------------------------------------------------------------+---------------+-------------+----------------------+


+-----------------------------------------------------------------------------------------------------------------------------+
; Flow Elapsed Time                                                                                                           ;
+-------------------------+--------------+-------------------------+---------------------+------------------------------------+
; Module Name             ; Elapsed Time ; Average Processors Used ; Peak Virtual Memory ; Total CPU Time (on all processors) ;
+-------------------------+--------------+-------------------------+---------------------+------------------------------------+
; Analysis & Synthesis    ; 00:00:01     ; 1.0                     ; 163 MB              ; 00:00:01                           ;
; Fitter                  ; 00:00:01     ; 1.0                     ; 138 MB              ; 00:00:01                           ;
; Assembler               ; 00:00:01     ; 1.0                     ; 143 MB              ; 00:00:01                           ;
; Classic Timing Analyzer ; 00:00:01     ; 1.0                     ; 112 MB              ; 00:00:01                           ;
; EDA Netlist Writer      ; 00:00:00     ; 1.0                     ; 113 MB              ; 00:00:01                           ;
; Total                   ; 00:00:04     ; --                      ; --                  ; 00:00:05                           ;
+-------------------------+--------------+-------------------------+---------------------+------------------------------------+


+---------------------------------------------------------------------------------------+
; Flow OS Summary                                                                       ;
+-------------------------+------------------+------------+------------+----------------+
; Module Name             ; Machine Hostname ; OS Name    ; OS Version ; Processor type ;
+-------------------------+------------------+------------+------------+----------------+
; Analysis & Synthesis    ; buet-1abfe02274  ; Windows XP ; 5.1        ; i686           ;
; Fitter                  ; buet-1abfe02274  ; Windows XP ; 5.1        ; i686           ;
; Assembler               ; buet-1abfe02274  ; Windows XP ; 5.1        ; i686           ;
; Classic Timing Analyzer ; buet-1abfe02274  ; Windows XP ; 5.1        ; i686           ;
; EDA Netlist Writer      ; buet-1abfe02274  ; Windows XP ; 5.1        ; i686           ;
+-------------------------+------------------+------------+------------+----------------+


------------
; Flow Log ;
------------
quartus_map --read_settings_files=on --write_settings_files=off lift_controller -c lift_controller
quartus_fit --read_settings_files=off --write_settings_files=off lift_controller -c lift_controller
quartus_asm --read_settings_files=off --write_settings_files=off lift_controller -c lift_controller
quartus_tan --read_settings_files=off --write_settings_files=off lift_controller -c lift_controller
quartus_eda --read_settings_files=off --write_settings_files=off lift_controller -c lift_controller



